2024-10-10 10:12:10 [INFO    ] (autoreload.run_with_reloader) Watching for file changes with StatReloader
2024-10-10 10:12:13 [INFO    ] (autoreload.trigger_reload) /Users/chiraagb/Desktop/altaeirr/Projects/medsplain/backend/config/settings.py changed, reloading.
2024-10-10 10:12:13 [INFO    ] (autoreload.run_with_reloader) Watching for file changes with StatReloader
2024-10-10 10:12:16 [INFO    ] (autoreload.trigger_reload) /Users/chiraagb/Desktop/altaeirr/Projects/medsplain/backend/config/settings.py changed, reloading.
2024-10-10 10:12:34 [INFO    ] (autoreload.run_with_reloader) Watching for file changes with StatReloader
2024-10-10 10:13:24 [INFO    ] (autoreload.run_with_reloader) Watching for file changes with StatReloader
2024-10-10 10:18:37 [INFO    ] (autoreload.trigger_reload) /Users/chiraagb/Desktop/altaeirr/Projects/medsplain/backend/medsplain/views.py changed, reloading.
2024-10-10 10:18:37 [INFO    ] (autoreload.run_with_reloader) Watching for file changes with StatReloader
2024-10-10 10:22:07 [INFO    ] (autoreload.run_with_reloader) Watching for file changes with StatReloader
2024-10-10 10:22:23 [INFO    ] (autoreload.trigger_reload) /Users/chiraagb/Desktop/altaeirr/Projects/medsplain/backend/medsplain/views.py changed, reloading.
2024-10-10 10:22:23 [INFO    ] (autoreload.run_with_reloader) Watching for file changes with StatReloader
2024-10-10 10:22:49 [INFO    ] (autoreload.trigger_reload) /Users/chiraagb/Desktop/altaeirr/Projects/medsplain/backend/medsplain/views.py changed, reloading.
2024-10-10 10:22:49 [INFO    ] (autoreload.run_with_reloader) Watching for file changes with StatReloader
2024-10-10 10:25:46 [INFO    ] (autoreload.trigger_reload) /Users/chiraagb/Desktop/altaeirr/Projects/medsplain/backend/medsplain/views.py changed, reloading.
2024-10-10 10:25:47 [INFO    ] (autoreload.run_with_reloader) Watching for file changes with StatReloader
2024-10-10 15:12:31 [INFO    ] (autoreload.run_with_reloader) Watching for file changes with StatReloader
2024-10-10 15:13:11 [INFO    ] (autoreload.run_with_reloader) Watching for file changes with StatReloader
2024-10-10 15:15:39 [INFO    ] (autoreload.run_with_reloader) Watching for file changes with StatReloader
2024-10-10 15:15:47 [INFO    ] (autoreload.trigger_reload) /Users/chiraagb/Desktop/altaeirr/Projects/medsplain/backend/medsplain/views.py changed, reloading.
2024-10-10 15:15:48 [INFO    ] (autoreload.run_with_reloader) Watching for file changes with StatReloader
2024-10-10 15:15:56 [INFO    ] (autoreload.trigger_reload) /Users/chiraagb/Desktop/altaeirr/Projects/medsplain/backend/medsplain/views.py changed, reloading.
2024-10-10 15:15:56 [INFO    ] (autoreload.run_with_reloader) Watching for file changes with StatReloader
2024-10-10 15:18:24 [INFO    ] (autoreload.trigger_reload) /Users/chiraagb/Desktop/altaeirr/Projects/medsplain/backend/medsplain/views.py changed, reloading.
2024-10-10 15:18:24 [INFO    ] (autoreload.run_with_reloader) Watching for file changes with StatReloader
2024-10-10 15:18:41 [INFO    ] (autoreload.trigger_reload) /Users/chiraagb/Desktop/altaeirr/Projects/medsplain/backend/medsplain/views.py changed, reloading.
2024-10-10 15:18:41 [INFO    ] (autoreload.run_with_reloader) Watching for file changes with StatReloader
2024-10-10 15:18:54 [INFO    ] (autoreload.trigger_reload) /Users/chiraagb/Desktop/altaeirr/Projects/medsplain/backend/medsplain/views.py changed, reloading.
2024-10-10 15:18:55 [INFO    ] (autoreload.run_with_reloader) Watching for file changes with StatReloader
2024-10-10 15:18:58 [INFO    ] (autoreload.trigger_reload) /Users/chiraagb/Desktop/altaeirr/Projects/medsplain/backend/medsplain/views.py changed, reloading.
2024-10-10 15:18:58 [INFO    ] (autoreload.run_with_reloader) Watching for file changes with StatReloader
2024-10-10 15:19:12 [INFO    ] (autoreload.trigger_reload) /Users/chiraagb/Desktop/altaeirr/Projects/medsplain/backend/medsplain/views.py changed, reloading.
2024-10-10 15:19:12 [INFO    ] (autoreload.run_with_reloader) Watching for file changes with StatReloader
2024-10-10 15:19:21 [INFO    ] (autoreload.trigger_reload) /Users/chiraagb/Desktop/altaeirr/Projects/medsplain/backend/medsplain/views.py changed, reloading.
2024-10-10 15:19:22 [INFO    ] (autoreload.run_with_reloader) Watching for file changes with StatReloader
2024-10-10 15:19:42 [INFO    ] (autoreload.trigger_reload) /Users/chiraagb/Desktop/altaeirr/Projects/medsplain/backend/medsplain/urls.py changed, reloading.
2024-10-10 15:19:42 [INFO    ] (autoreload.run_with_reloader) Watching for file changes with StatReloader
2024-10-10 15:19:49 [INFO    ] (autoreload.trigger_reload) /Users/chiraagb/Desktop/altaeirr/Projects/medsplain/backend/medsplain/urls.py changed, reloading.
2024-10-10 15:19:49 [INFO    ] (autoreload.run_with_reloader) Watching for file changes with StatReloader
2024-10-10 15:20:05 [ERROR   ] (log.log_response) Internal Server Error: /api/v1/medsplain/home/
Traceback (most recent call last):
  File "/Users/chiraagb/Desktop/altaeirr/Projects/medsplain/backend/.venv/lib/python3.12/site-packages/django/core/handlers/exception.py", line 55, in inner
    response = get_response(request)
               ^^^^^^^^^^^^^^^^^^^^^
  File "/Users/chiraagb/Desktop/altaeirr/Projects/medsplain/backend/.venv/lib/python3.12/site-packages/django/core/handlers/base.py", line 220, in _get_response
    response = response.render()
               ^^^^^^^^^^^^^^^^^
  File "/Users/chiraagb/Desktop/altaeirr/Projects/medsplain/backend/.venv/lib/python3.12/site-packages/django/template/response.py", line 114, in render
    self.content = self.rendered_content
                   ^^^^^^^^^^^^^^^^^^^^^
  File "/Users/chiraagb/Desktop/altaeirr/Projects/medsplain/backend/.venv/lib/python3.12/site-packages/rest_framework/response.py", line 74, in rendered_content
    ret = renderer.render(self.data, accepted_media_type, context)
          ^^^^^^^^^^^^^^^^^^^^^^^^^^^^^^^^^^^^^^^^^^^^^^^^^^^^^^^^
  File "/Users/chiraagb/Desktop/altaeirr/Projects/medsplain/backend/.venv/lib/python3.12/site-packages/rest_framework/renderers.py", line 726, in render
    template = loader.get_template(self.template)
               ^^^^^^^^^^^^^^^^^^^^^^^^^^^^^^^^^^
  File "/Users/chiraagb/Desktop/altaeirr/Projects/medsplain/backend/.venv/lib/python3.12/site-packages/django/template/loader.py", line 19, in get_template
    raise TemplateDoesNotExist(template_name, chain=chain)
django.template.exceptions.TemplateDoesNotExist: rest_framework/api.html
2024-10-10 15:20:05 [ERROR   ] (basehttp.log_message) "GET /api/v1/medsplain/home/ HTTP/1.1" 500 80727
2024-10-10 15:20:11 [ERROR   ] (log.log_response) Internal Server Error: /api/v1/medsplain/home/
Traceback (most recent call last):
  File "/Users/chiraagb/Desktop/altaeirr/Projects/medsplain/backend/.venv/lib/python3.12/site-packages/django/core/handlers/exception.py", line 55, in inner
    response = get_response(request)
               ^^^^^^^^^^^^^^^^^^^^^
  File "/Users/chiraagb/Desktop/altaeirr/Projects/medsplain/backend/.venv/lib/python3.12/site-packages/django/core/handlers/base.py", line 220, in _get_response
    response = response.render()
               ^^^^^^^^^^^^^^^^^
  File "/Users/chiraagb/Desktop/altaeirr/Projects/medsplain/backend/.venv/lib/python3.12/site-packages/django/template/response.py", line 114, in render
    self.content = self.rendered_content
                   ^^^^^^^^^^^^^^^^^^^^^
  File "/Users/chiraagb/Desktop/altaeirr/Projects/medsplain/backend/.venv/lib/python3.12/site-packages/rest_framework/response.py", line 74, in rendered_content
    ret = renderer.render(self.data, accepted_media_type, context)
          ^^^^^^^^^^^^^^^^^^^^^^^^^^^^^^^^^^^^^^^^^^^^^^^^^^^^^^^^
  File "/Users/chiraagb/Desktop/altaeirr/Projects/medsplain/backend/.venv/lib/python3.12/site-packages/rest_framework/renderers.py", line 726, in render
    template = loader.get_template(self.template)
               ^^^^^^^^^^^^^^^^^^^^^^^^^^^^^^^^^^
  File "/Users/chiraagb/Desktop/altaeirr/Projects/medsplain/backend/.venv/lib/python3.12/site-packages/django/template/loader.py", line 19, in get_template
    raise TemplateDoesNotExist(template_name, chain=chain)
django.template.exceptions.TemplateDoesNotExist: rest_framework/api.html
2024-10-10 15:20:11 [ERROR   ] (basehttp.log_message) "GET /api/v1/medsplain/home/ HTTP/1.1" 500 80727
2024-10-10 15:20:12 [ERROR   ] (log.log_response) Internal Server Error: /api/v1/medsplain/home/
Traceback (most recent call last):
  File "/Users/chiraagb/Desktop/altaeirr/Projects/medsplain/backend/.venv/lib/python3.12/site-packages/django/core/handlers/exception.py", line 55, in inner
    response = get_response(request)
               ^^^^^^^^^^^^^^^^^^^^^
  File "/Users/chiraagb/Desktop/altaeirr/Projects/medsplain/backend/.venv/lib/python3.12/site-packages/django/core/handlers/base.py", line 220, in _get_response
    response = response.render()
               ^^^^^^^^^^^^^^^^^
  File "/Users/chiraagb/Desktop/altaeirr/Projects/medsplain/backend/.venv/lib/python3.12/site-packages/django/template/response.py", line 114, in render
    self.content = self.rendered_content
                   ^^^^^^^^^^^^^^^^^^^^^
  File "/Users/chiraagb/Desktop/altaeirr/Projects/medsplain/backend/.venv/lib/python3.12/site-packages/rest_framework/response.py", line 74, in rendered_content
    ret = renderer.render(self.data, accepted_media_type, context)
          ^^^^^^^^^^^^^^^^^^^^^^^^^^^^^^^^^^^^^^^^^^^^^^^^^^^^^^^^
  File "/Users/chiraagb/Desktop/altaeirr/Projects/medsplain/backend/.venv/lib/python3.12/site-packages/rest_framework/renderers.py", line 726, in render
    template = loader.get_template(self.template)
               ^^^^^^^^^^^^^^^^^^^^^^^^^^^^^^^^^^
  File "/Users/chiraagb/Desktop/altaeirr/Projects/medsplain/backend/.venv/lib/python3.12/site-packages/django/template/loader.py", line 19, in get_template
    raise TemplateDoesNotExist(template_name, chain=chain)
django.template.exceptions.TemplateDoesNotExist: rest_framework/api.html
2024-10-10 15:20:12 [ERROR   ] (basehttp.log_message) "GET /api/v1/medsplain/home/ HTTP/1.1" 500 80727
2024-10-10 15:20:12 [ERROR   ] (log.log_response) Internal Server Error: /api/v1/medsplain/home/
Traceback (most recent call last):
  File "/Users/chiraagb/Desktop/altaeirr/Projects/medsplain/backend/.venv/lib/python3.12/site-packages/django/core/handlers/exception.py", line 55, in inner
    response = get_response(request)
               ^^^^^^^^^^^^^^^^^^^^^
  File "/Users/chiraagb/Desktop/altaeirr/Projects/medsplain/backend/.venv/lib/python3.12/site-packages/django/core/handlers/base.py", line 220, in _get_response
    response = response.render()
               ^^^^^^^^^^^^^^^^^
  File "/Users/chiraagb/Desktop/altaeirr/Projects/medsplain/backend/.venv/lib/python3.12/site-packages/django/template/response.py", line 114, in render
    self.content = self.rendered_content
                   ^^^^^^^^^^^^^^^^^^^^^
  File "/Users/chiraagb/Desktop/altaeirr/Projects/medsplain/backend/.venv/lib/python3.12/site-packages/rest_framework/response.py", line 74, in rendered_content
    ret = renderer.render(self.data, accepted_media_type, context)
          ^^^^^^^^^^^^^^^^^^^^^^^^^^^^^^^^^^^^^^^^^^^^^^^^^^^^^^^^
  File "/Users/chiraagb/Desktop/altaeirr/Projects/medsplain/backend/.venv/lib/python3.12/site-packages/rest_framework/renderers.py", line 726, in render
    template = loader.get_template(self.template)
               ^^^^^^^^^^^^^^^^^^^^^^^^^^^^^^^^^^
  File "/Users/chiraagb/Desktop/altaeirr/Projects/medsplain/backend/.venv/lib/python3.12/site-packages/django/template/loader.py", line 19, in get_template
    raise TemplateDoesNotExist(template_name, chain=chain)
django.template.exceptions.TemplateDoesNotExist: rest_framework/api.html
2024-10-10 15:20:12 [ERROR   ] (basehttp.log_message) "GET /api/v1/medsplain/home/ HTTP/1.1" 500 80727
2024-10-10 15:20:57 [INFO    ] (autoreload.run_with_reloader) Watching for file changes with StatReloader
2024-10-10 15:21:49 [INFO    ] (autoreload.trigger_reload) /Users/chiraagb/Desktop/altaeirr/Projects/medsplain/backend/medsplain/views.py changed, reloading.
2024-10-10 15:21:49 [INFO    ] (autoreload.run_with_reloader) Watching for file changes with StatReloader
2024-10-10 15:21:54 [INFO    ] (autoreload.trigger_reload) /Users/chiraagb/Desktop/altaeirr/Projects/medsplain/backend/medsplain/views.py changed, reloading.
2024-10-10 15:21:54 [INFO    ] (autoreload.run_with_reloader) Watching for file changes with StatReloader
2024-10-10 15:22:07 [INFO    ] (autoreload.trigger_reload) /Users/chiraagb/Desktop/altaeirr/Projects/medsplain/backend/medsplain/views.py changed, reloading.
2024-10-10 15:22:07 [INFO    ] (autoreload.run_with_reloader) Watching for file changes with StatReloader
2024-10-10 15:22:16 [INFO    ] (autoreload.trigger_reload) /Users/chiraagb/Desktop/altaeirr/Projects/medsplain/backend/medsplain/views.py changed, reloading.
2024-10-10 15:22:17 [INFO    ] (autoreload.run_with_reloader) Watching for file changes with StatReloader
2024-10-10 15:22:23 [INFO    ] (autoreload.trigger_reload) /Users/chiraagb/Desktop/altaeirr/Projects/medsplain/backend/medsplain/views.py changed, reloading.
2024-10-10 15:22:23 [INFO    ] (autoreload.run_with_reloader) Watching for file changes with StatReloader
2024-10-10 15:25:36 [INFO    ] (autoreload.trigger_reload) /Users/chiraagb/Desktop/altaeirr/Projects/medsplain/backend/medsplain/views.py changed, reloading.
2024-10-10 15:25:36 [INFO    ] (autoreload.run_with_reloader) Watching for file changes with StatReloader
2024-10-10 15:26:02 [INFO    ] (autoreload.trigger_reload) /Users/chiraagb/Desktop/altaeirr/Projects/medsplain/backend/medsplain/views.py changed, reloading.
2024-10-10 15:26:02 [INFO    ] (autoreload.run_with_reloader) Watching for file changes with StatReloader
2024-10-10 15:26:18 [INFO    ] (autoreload.trigger_reload) /Users/chiraagb/Desktop/altaeirr/Projects/medsplain/backend/medsplain/views.py changed, reloading.
2024-10-10 15:26:18 [INFO    ] (autoreload.run_with_reloader) Watching for file changes with StatReloader
2024-10-10 15:26:29 [INFO    ] (autoreload.trigger_reload) /Users/chiraagb/Desktop/altaeirr/Projects/medsplain/backend/medsplain/views.py changed, reloading.
2024-10-10 15:26:30 [INFO    ] (autoreload.run_with_reloader) Watching for file changes with StatReloader
2024-10-10 15:26:34 [INFO    ] (autoreload.trigger_reload) /Users/chiraagb/Desktop/altaeirr/Projects/medsplain/backend/medsplain/views.py changed, reloading.
2024-10-10 15:26:34 [INFO    ] (autoreload.run_with_reloader) Watching for file changes with StatReloader
2024-10-10 15:26:37 [INFO    ] (autoreload.trigger_reload) /Users/chiraagb/Desktop/altaeirr/Projects/medsplain/backend/medsplain/views.py changed, reloading.
2024-10-10 15:26:37 [INFO    ] (autoreload.run_with_reloader) Watching for file changes with StatReloader
2024-10-10 15:26:45 [INFO    ] (autoreload.trigger_reload) /Users/chiraagb/Desktop/altaeirr/Projects/medsplain/backend/medsplain/views.py changed, reloading.
2024-10-10 15:26:45 [INFO    ] (autoreload.run_with_reloader) Watching for file changes with StatReloader
2024-10-10 15:26:51 [INFO    ] (autoreload.trigger_reload) /Users/chiraagb/Desktop/altaeirr/Projects/medsplain/backend/medsplain/views.py changed, reloading.
2024-10-10 15:26:51 [INFO    ] (autoreload.run_with_reloader) Watching for file changes with StatReloader
2024-10-10 15:27:01 [INFO    ] (autoreload.trigger_reload) /Users/chiraagb/Desktop/altaeirr/Projects/medsplain/backend/medsplain/views.py changed, reloading.
2024-10-10 15:27:02 [INFO    ] (autoreload.run_with_reloader) Watching for file changes with StatReloader
2024-10-10 15:27:04 [INFO    ] (autoreload.trigger_reload) /Users/chiraagb/Desktop/altaeirr/Projects/medsplain/backend/medsplain/views.py changed, reloading.
2024-10-10 15:27:04 [INFO    ] (autoreload.run_with_reloader) Watching for file changes with StatReloader
2024-10-10 15:27:18 [INFO    ] (autoreload.trigger_reload) /Users/chiraagb/Desktop/altaeirr/Projects/medsplain/backend/medsplain/views.py changed, reloading.
2024-10-10 15:27:18 [INFO    ] (autoreload.run_with_reloader) Watching for file changes with StatReloader
2024-10-10 15:27:36 [INFO    ] (autoreload.trigger_reload) /Users/chiraagb/Desktop/altaeirr/Projects/medsplain/backend/medsplain/views.py changed, reloading.
2024-10-10 15:27:36 [INFO    ] (autoreload.run_with_reloader) Watching for file changes with StatReloader
2024-10-10 15:27:44 [INFO    ] (autoreload.trigger_reload) /Users/chiraagb/Desktop/altaeirr/Projects/medsplain/backend/medsplain/views.py changed, reloading.
2024-10-10 15:27:45 [INFO    ] (autoreload.run_with_reloader) Watching for file changes with StatReloader
2024-10-10 15:27:55 [INFO    ] (autoreload.trigger_reload) /Users/chiraagb/Desktop/altaeirr/Projects/medsplain/backend/medsplain/views.py changed, reloading.
2024-10-10 15:27:55 [INFO    ] (autoreload.run_with_reloader) Watching for file changes with StatReloader
2024-10-10 15:28:00 [INFO    ] (autoreload.trigger_reload) /Users/chiraagb/Desktop/altaeirr/Projects/medsplain/backend/medsplain/views.py changed, reloading.
2024-10-10 15:28:00 [INFO    ] (autoreload.run_with_reloader) Watching for file changes with StatReloader
2024-10-10 15:29:53 [INFO    ] (autoreload.trigger_reload) /Users/chiraagb/Desktop/altaeirr/Projects/medsplain/backend/medsplain/views.py changed, reloading.
2024-10-10 15:29:53 [INFO    ] (autoreload.run_with_reloader) Watching for file changes with StatReloader
2024-10-10 15:31:20 [INFO    ] (autoreload.trigger_reload) /Users/chiraagb/Desktop/altaeirr/Projects/medsplain/backend/medsplain/models.py changed, reloading.
2024-10-10 15:31:20 [INFO    ] (autoreload.run_with_reloader) Watching for file changes with StatReloader
2024-10-10 15:33:24 [INFO    ] (autoreload.trigger_reload) /Users/chiraagb/Desktop/altaeirr/Projects/medsplain/backend/medsplain/models.py changed, reloading.
2024-10-10 15:33:24 [INFO    ] (autoreload.run_with_reloader) Watching for file changes with StatReloader
2024-10-10 15:33:53 [INFO    ] (autoreload.trigger_reload) /Users/chiraagb/Desktop/altaeirr/Projects/medsplain/backend/medsplain/admin.py changed, reloading.
2024-10-10 15:33:54 [INFO    ] (autoreload.run_with_reloader) Watching for file changes with StatReloader
2024-10-10 15:34:01 [INFO    ] (autoreload.trigger_reload) /Users/chiraagb/Desktop/altaeirr/Projects/medsplain/backend/medsplain/admin.py changed, reloading.
2024-10-10 15:34:02 [INFO    ] (autoreload.run_with_reloader) Watching for file changes with StatReloader
2024-10-10 15:36:02 [INFO    ] (autoreload.trigger_reload) /Users/chiraagb/Desktop/altaeirr/Projects/medsplain/backend/medsplain/views.py changed, reloading.
2024-10-10 15:36:03 [INFO    ] (autoreload.run_with_reloader) Watching for file changes with StatReloader
2024-10-10 15:36:10 [INFO    ] (autoreload.trigger_reload) /Users/chiraagb/Desktop/altaeirr/Projects/medsplain/backend/medsplain/views.py changed, reloading.
2024-10-10 15:36:10 [INFO    ] (autoreload.run_with_reloader) Watching for file changes with StatReloader
2024-10-10 15:36:19 [INFO    ] (autoreload.trigger_reload) /Users/chiraagb/Desktop/altaeirr/Projects/medsplain/backend/medsplain/views.py changed, reloading.
2024-10-10 15:36:19 [INFO    ] (autoreload.run_with_reloader) Watching for file changes with StatReloader
2024-10-10 15:36:23 [INFO    ] (autoreload.trigger_reload) /Users/chiraagb/Desktop/altaeirr/Projects/medsplain/backend/medsplain/views.py changed, reloading.
2024-10-10 15:36:24 [INFO    ] (autoreload.run_with_reloader) Watching for file changes with StatReloader
2024-10-10 15:37:58 [INFO    ] (autoreload.trigger_reload) /Users/chiraagb/Desktop/altaeirr/Projects/medsplain/backend/medsplain/views.py changed, reloading.
2024-10-10 15:37:58 [INFO    ] (autoreload.run_with_reloader) Watching for file changes with StatReloader
2024-10-10 15:39:44 [INFO    ] (autoreload.trigger_reload) /Users/chiraagb/Desktop/altaeirr/Projects/medsplain/backend/medsplain/views.py changed, reloading.
2024-10-10 15:39:44 [INFO    ] (autoreload.run_with_reloader) Watching for file changes with StatReloader
2024-10-10 15:39:54 [INFO    ] (autoreload.trigger_reload) /Users/chiraagb/Desktop/altaeirr/Projects/medsplain/backend/medsplain/views.py changed, reloading.
2024-10-10 15:39:54 [INFO    ] (autoreload.run_with_reloader) Watching for file changes with StatReloader
2024-10-10 15:40:00 [INFO    ] (autoreload.trigger_reload) /Users/chiraagb/Desktop/altaeirr/Projects/medsplain/backend/medsplain/views.py changed, reloading.
2024-10-10 15:40:01 [INFO    ] (autoreload.run_with_reloader) Watching for file changes with StatReloader
2024-10-10 15:40:10 [INFO    ] (autoreload.trigger_reload) /Users/chiraagb/Desktop/altaeirr/Projects/medsplain/backend/medsplain/views.py changed, reloading.
2024-10-10 15:40:10 [INFO    ] (autoreload.run_with_reloader) Watching for file changes with StatReloader
2024-10-10 15:40:16 [INFO    ] (autoreload.trigger_reload) /Users/chiraagb/Desktop/altaeirr/Projects/medsplain/backend/medsplain/views.py changed, reloading.
2024-10-10 15:40:16 [INFO    ] (autoreload.run_with_reloader) Watching for file changes with StatReloader
2024-10-10 15:40:17 [INFO    ] (autoreload.trigger_reload) /Users/chiraagb/Desktop/altaeirr/Projects/medsplain/backend/medsplain/views.py changed, reloading.
2024-10-10 15:40:18 [INFO    ] (autoreload.run_with_reloader) Watching for file changes with StatReloader
2024-10-10 15:40:22 [INFO    ] (autoreload.trigger_reload) /Users/chiraagb/Desktop/altaeirr/Projects/medsplain/backend/medsplain/views.py changed, reloading.
2024-10-10 15:40:22 [INFO    ] (autoreload.run_with_reloader) Watching for file changes with StatReloader
2024-10-10 15:41:02 [INFO    ] (autoreload.trigger_reload) /Users/chiraagb/Desktop/altaeirr/Projects/medsplain/backend/medsplain/views.py changed, reloading.
2024-10-10 15:41:03 [INFO    ] (autoreload.run_with_reloader) Watching for file changes with StatReloader
2024-10-10 15:44:36 [INFO    ] (autoreload.trigger_reload) /Users/chiraagb/Desktop/altaeirr/Projects/medsplain/backend/medsplain/views.py changed, reloading.
2024-10-10 15:44:37 [INFO    ] (autoreload.run_with_reloader) Watching for file changes with StatReloader
2024-10-10 15:46:18 [INFO    ] (autoreload.trigger_reload) /Users/chiraagb/Desktop/altaeirr/Projects/medsplain/backend/medsplain/views.py changed, reloading.
2024-10-10 15:46:18 [INFO    ] (autoreload.run_with_reloader) Watching for file changes with StatReloader
2024-10-10 15:46:32 [INFO    ] (autoreload.trigger_reload) /Users/chiraagb/Desktop/altaeirr/Projects/medsplain/backend/medsplain/views.py changed, reloading.
2024-10-10 15:46:32 [INFO    ] (autoreload.run_with_reloader) Watching for file changes with StatReloader
2024-10-10 15:46:39 [INFO    ] (autoreload.trigger_reload) /Users/chiraagb/Desktop/altaeirr/Projects/medsplain/backend/medsplain/views.py changed, reloading.
2024-10-10 15:46:39 [INFO    ] (autoreload.run_with_reloader) Watching for file changes with StatReloader
2024-10-10 15:47:00 [INFO    ] (autoreload.trigger_reload) /Users/chiraagb/Desktop/altaeirr/Projects/medsplain/backend/medsplain/views.py changed, reloading.
2024-10-10 15:47:01 [INFO    ] (autoreload.run_with_reloader) Watching for file changes with StatReloader
2024-10-10 15:47:02 [INFO    ] (autoreload.trigger_reload) /Users/chiraagb/Desktop/altaeirr/Projects/medsplain/backend/medsplain/views.py changed, reloading.
2024-10-10 15:47:02 [INFO    ] (autoreload.run_with_reloader) Watching for file changes with StatReloader
2024-10-10 15:47:08 [INFO    ] (autoreload.trigger_reload) /Users/chiraagb/Desktop/altaeirr/Projects/medsplain/backend/medsplain/views.py changed, reloading.
2024-10-10 15:47:09 [INFO    ] (autoreload.run_with_reloader) Watching for file changes with StatReloader
2024-10-10 15:47:11 [INFO    ] (autoreload.trigger_reload) /Users/chiraagb/Desktop/altaeirr/Projects/medsplain/backend/medsplain/views.py changed, reloading.
2024-10-10 15:47:11 [INFO    ] (autoreload.run_with_reloader) Watching for file changes with StatReloader
2024-10-10 15:47:15 [INFO    ] (autoreload.trigger_reload) /Users/chiraagb/Desktop/altaeirr/Projects/medsplain/backend/medsplain/views.py changed, reloading.
2024-10-10 15:47:16 [INFO    ] (autoreload.run_with_reloader) Watching for file changes with StatReloader
2024-10-10 15:47:36 [INFO    ] (autoreload.trigger_reload) /Users/chiraagb/Desktop/altaeirr/Projects/medsplain/backend/medsplain/views.py changed, reloading.
2024-10-10 15:47:37 [INFO    ] (autoreload.run_with_reloader) Watching for file changes with StatReloader
2024-10-10 15:47:44 [INFO    ] (autoreload.trigger_reload) /Users/chiraagb/Desktop/altaeirr/Projects/medsplain/backend/medsplain/views.py changed, reloading.
2024-10-10 15:47:45 [INFO    ] (autoreload.run_with_reloader) Watching for file changes with StatReloader
2024-10-10 15:48:00 [INFO    ] (autoreload.trigger_reload) /Users/chiraagb/Desktop/altaeirr/Projects/medsplain/backend/medsplain/urls.py changed, reloading.
2024-10-10 15:48:00 [INFO    ] (autoreload.run_with_reloader) Watching for file changes with StatReloader
2024-10-10 15:48:15 [INFO    ] (autoreload.trigger_reload) /Users/chiraagb/Desktop/altaeirr/Projects/medsplain/backend/medsplain/urls.py changed, reloading.
2024-10-10 15:48:15 [INFO    ] (autoreload.run_with_reloader) Watching for file changes with StatReloader
2024-10-10 15:48:16 [INFO    ] (autoreload.trigger_reload) /Users/chiraagb/Desktop/altaeirr/Projects/medsplain/backend/medsplain/urls.py changed, reloading.
2024-10-10 15:48:17 [INFO    ] (autoreload.run_with_reloader) Watching for file changes with StatReloader
2024-10-10 15:48:22 [INFO    ] (autoreload.trigger_reload) /Users/chiraagb/Desktop/altaeirr/Projects/medsplain/backend/medsplain/urls.py changed, reloading.
2024-10-10 15:48:22 [INFO    ] (autoreload.run_with_reloader) Watching for file changes with StatReloader
2024-10-10 15:50:31 [INFO    ] (autoreload.trigger_reload) /Users/chiraagb/Desktop/altaeirr/Projects/medsplain/backend/medsplain/urls.py changed, reloading.
2024-10-10 15:50:31 [INFO    ] (autoreload.run_with_reloader) Watching for file changes with StatReloader
2024-10-10 15:54:22 [INFO    ] (autoreload.trigger_reload) /Users/chiraagb/Desktop/altaeirr/Projects/medsplain/backend/medsplain/views.py changed, reloading.
2024-10-10 15:54:23 [INFO    ] (autoreload.run_with_reloader) Watching for file changes with StatReloader
2024-10-10 18:47:32 [INFO    ] (autoreload.trigger_reload) /Users/chiraagb/Desktop/altaeirr/Projects/medsplain/backend/medsplain/models.py changed, reloading.
2024-10-10 18:47:33 [INFO    ] (autoreload.run_with_reloader) Watching for file changes with StatReloader
2024-10-10 18:48:03 [INFO    ] (autoreload.trigger_reload) /Users/chiraagb/Desktop/altaeirr/Projects/medsplain/backend/medsplain/admin.py changed, reloading.
2024-10-10 18:48:04 [INFO    ] (autoreload.run_with_reloader) Watching for file changes with StatReloader
2024-10-10 18:48:06 [INFO    ] (autoreload.trigger_reload) /Users/chiraagb/Desktop/altaeirr/Projects/medsplain/backend/medsplain/admin.py changed, reloading.
2024-10-10 18:48:06 [INFO    ] (autoreload.run_with_reloader) Watching for file changes with StatReloader
2024-10-10 18:48:07 [INFO    ] (autoreload.trigger_reload) /Users/chiraagb/Desktop/altaeirr/Projects/medsplain/backend/medsplain/admin.py changed, reloading.
2024-10-10 18:48:08 [INFO    ] (autoreload.run_with_reloader) Watching for file changes with StatReloader
2024-10-10 18:53:52 [INFO    ] (autoreload.run_with_reloader) Watching for file changes with StatReloader
2024-10-10 18:54:44 [INFO    ] (autoreload.trigger_reload) /Users/chiraagb/Desktop/altaeirr/Projects/medsplain/backend/medsplain/urls.py changed, reloading.
2024-10-10 18:54:44 [INFO    ] (autoreload.run_with_reloader) Watching for file changes with StatReloader
2024-10-10 18:54:48 [INFO    ] (autoreload.trigger_reload) /Users/chiraagb/Desktop/altaeirr/Projects/medsplain/backend/medsplain/urls.py changed, reloading.
2024-10-10 18:54:49 [INFO    ] (autoreload.run_with_reloader) Watching for file changes with StatReloader
2024-10-10 18:54:56 [INFO    ] (autoreload.trigger_reload) /Users/chiraagb/Desktop/altaeirr/Projects/medsplain/backend/medsplain/urls.py changed, reloading.
2024-10-10 18:54:56 [INFO    ] (autoreload.run_with_reloader) Watching for file changes with StatReloader
2024-10-10 18:55:15 [INFO    ] (autoreload.trigger_reload) /Users/chiraagb/Desktop/altaeirr/Projects/medsplain/backend/medsplain/urls.py changed, reloading.
2024-10-10 18:55:15 [INFO    ] (autoreload.run_with_reloader) Watching for file changes with StatReloader
2024-10-10 19:26:29 [INFO    ] (autoreload.trigger_reload) /Users/chiraagb/Desktop/altaeirr/Projects/medsplain/backend/medsplain/views.py changed, reloading.
2024-10-10 19:26:30 [INFO    ] (autoreload.run_with_reloader) Watching for file changes with StatReloader
2024-10-10 19:26:42 [INFO    ] (autoreload.trigger_reload) /Users/chiraagb/Desktop/altaeirr/Projects/medsplain/backend/medsplain/views.py changed, reloading.
2024-10-10 19:26:43 [INFO    ] (autoreload.run_with_reloader) Watching for file changes with StatReloader
2024-10-10 19:27:04 [INFO    ] (autoreload.trigger_reload) /Users/chiraagb/Desktop/altaeirr/Projects/medsplain/backend/medsplain/views.py changed, reloading.
2024-10-10 19:27:05 [INFO    ] (autoreload.run_with_reloader) Watching for file changes with StatReloader
2024-10-10 19:27:28 [INFO    ] (autoreload.trigger_reload) /Users/chiraagb/Desktop/altaeirr/Projects/medsplain/backend/medsplain/views.py changed, reloading.
2024-10-10 19:27:29 [INFO    ] (autoreload.run_with_reloader) Watching for file changes with StatReloader
2024-10-10 19:27:39 [INFO    ] (autoreload.trigger_reload) /Users/chiraagb/Desktop/altaeirr/Projects/medsplain/backend/medsplain/views.py changed, reloading.
2024-10-10 19:27:39 [INFO    ] (autoreload.run_with_reloader) Watching for file changes with StatReloader
2024-10-10 19:27:42 [INFO    ] (autoreload.trigger_reload) /Users/chiraagb/Desktop/altaeirr/Projects/medsplain/backend/medsplain/views.py changed, reloading.
2024-10-10 19:27:42 [INFO    ] (autoreload.run_with_reloader) Watching for file changes with StatReloader
2024-10-10 19:28:31 [INFO    ] (autoreload.trigger_reload) /Users/chiraagb/Desktop/altaeirr/Projects/medsplain/backend/config/settings.py changed, reloading.
2024-10-10 19:28:31 [INFO    ] (autoreload.run_with_reloader) Watching for file changes with StatReloader
2024-10-10 19:28:47 [INFO    ] (autoreload.trigger_reload) /Users/chiraagb/Desktop/altaeirr/Projects/medsplain/backend/config/settings.py changed, reloading.
2024-10-10 19:28:47 [INFO    ] (autoreload.run_with_reloader) Watching for file changes with StatReloader
2024-10-10 19:28:54 [INFO    ] (autoreload.trigger_reload) /Users/chiraagb/Desktop/altaeirr/Projects/medsplain/backend/config/settings.py changed, reloading.
2024-10-10 19:28:54 [INFO    ] (autoreload.run_with_reloader) Watching for file changes with StatReloader
2024-10-10 19:29:01 [INFO    ] (autoreload.trigger_reload) /Users/chiraagb/Desktop/altaeirr/Projects/medsplain/backend/config/settings.py changed, reloading.
2024-10-10 19:29:01 [INFO    ] (autoreload.run_with_reloader) Watching for file changes with StatReloader
2024-10-10 19:29:29 [INFO    ] (autoreload.trigger_reload) /Users/chiraagb/Desktop/altaeirr/Projects/medsplain/backend/config/settings.py changed, reloading.
2024-10-10 19:29:29 [INFO    ] (autoreload.run_with_reloader) Watching for file changes with StatReloader
2024-10-10 19:31:01 [INFO    ] (autoreload.run_with_reloader) Watching for file changes with StatReloader
2024-10-10 20:13:23 [INFO    ] (autoreload.trigger_reload) /Users/chiraagb/Desktop/altaeirr/Projects/medsplain/backend/medsplain/views.py changed, reloading.
2024-10-10 20:13:23 [INFO    ] (autoreload.run_with_reloader) Watching for file changes with StatReloader
2024-10-10 20:15:15 [INFO    ] (autoreload.trigger_reload) /Users/chiraagb/Desktop/altaeirr/Projects/medsplain/backend/medsplain/views.py changed, reloading.
2024-10-10 20:15:15 [INFO    ] (autoreload.run_with_reloader) Watching for file changes with StatReloader
2024-10-10 20:15:21 [INFO    ] (autoreload.trigger_reload) /Users/chiraagb/Desktop/altaeirr/Projects/medsplain/backend/medsplain/views.py changed, reloading.
2024-10-10 20:15:22 [INFO    ] (autoreload.run_with_reloader) Watching for file changes with StatReloader
2024-10-10 20:15:53 [INFO    ] (autoreload.trigger_reload) /Users/chiraagb/Desktop/altaeirr/Projects/medsplain/backend/medsplain/views.py changed, reloading.
2024-10-10 20:15:54 [INFO    ] (autoreload.run_with_reloader) Watching for file changes with StatReloader
2024-10-10 20:15:57 [INFO    ] (autoreload.trigger_reload) /Users/chiraagb/Desktop/altaeirr/Projects/medsplain/backend/medsplain/views.py changed, reloading.
2024-10-10 20:15:57 [INFO    ] (autoreload.run_with_reloader) Watching for file changes with StatReloader
2024-10-12 04:28:50 [INFO    ] (autoreload.run_with_reloader) Watching for file changes with StatReloader
2024-10-12 04:52:12 [INFO    ] (autoreload.run_with_reloader) Watching for file changes with StatReloader
2024-10-31 16:45:23 [INFO    ] (autoreload.run_with_reloader) Watching for file changes with StatReloader
2024-10-31 18:22:37 [INFO    ] (autoreload.trigger_reload) /code/backend/config/settings.py changed, reloading.
2024-10-31 18:22:38 [INFO    ] (autoreload.run_with_reloader) Watching for file changes with StatReloader
2024-10-31 18:22:54 [INFO    ] (autoreload.trigger_reload) /code/backend/config/settings.py changed, reloading.
2024-10-31 18:22:55 [INFO    ] (autoreload.run_with_reloader) Watching for file changes with StatReloader
2024-10-31 18:23:02 [INFO    ] (autoreload.trigger_reload) /code/backend/config/settings.py changed, reloading.
2024-10-31 18:23:03 [INFO    ] (autoreload.run_with_reloader) Watching for file changes with StatReloader
2024-10-31 18:23:11 [INFO    ] (autoreload.trigger_reload) /code/backend/config/settings.py changed, reloading.
2024-10-31 18:23:12 [INFO    ] (autoreload.run_with_reloader) Watching for file changes with StatReloader
2024-10-31 18:28:29 [INFO    ] (autoreload.trigger_reload) /code/backend/config/settings.py changed, reloading.
2024-10-31 18:28:30 [INFO    ] (autoreload.run_with_reloader) Watching for file changes with StatReloader
2024-10-31 18:32:16 [INFO    ] (autoreload.trigger_reload) /code/backend/config/settings.py changed, reloading.
2024-10-31 18:40:27 [INFO    ] (autoreload.run_with_reloader) Watching for file changes with StatReloader
